[38;5;112m[Appium][0m Welcome to Appium v2.19.0 (REV 2a9372210add62a52171d3370e696dcff2807310)
[38;5;112m[Appium][0m Non-default server args:
[38;5;112m[Appium][0m { basePath: [32m'/wd/hub'[39m, loglevel: [32m'info'[39m, port: [33m55639[39m }
[38;5;112m[Appium][0m Attempting to load driver xcuitest...
[38;5;112m[Appium][0m Attempting to load driver uiautomator2...
[38;5;112m[Appium][0m Appium REST http interface listener started on http://0.0.0.0:55639/wd/hub
[38;5;112m[Appium][0m You can provide the following URLs in your client code to connect to this server:
	http://127.0.0.1:55639/wd/hub (only accessible from the same host)
	http://10.18.41.195:55639/wd/hub
[38;5;112m[Appium][0m Available drivers:
[38;5;112m[Appium][0m   - xcuitest@7.35.1 (automationName 'XCUITest')
[38;5;112m[Appium][0m   - uiautomator2@3.10.0 (automationName 'UiAutomator2')
[38;5;112m[Appium][0m No plugins have been installed. Use the "appium plugin" command to install the one(s) you want to use.
[38;5;86m[HTTP][0m [37m-->[39m [37mGET[39m [37m/wd/hub/status[39m {}
[38;5;86m[HTTP][0m <-- GET /wd/hub/status 200 3 ms - 200 
[38;5;86m[HTTP][0m [37m-->[39m [37mGET[39m [37m/wd/hub/status[39m {}
[38;5;86m[HTTP][0m <-- GET /wd/hub/status 200 1 ms - 200 
[38;5;86m[HTTP][0m [37m-->[39m [37mPOST[39m [37m/wd/hub/session[39m {"capabilities":{"firstMatch":[{"appium:app":"/Users/quang.nnguyen/Downloads/kntea-uat.apk","appium:appium:autoGrantPermissions":true,"appium:autoGrantPermissions":true,"appium:automationName":"uiautomator2","appium:deviceId":"","appium:deviceName":"emulator-5554 (sdk_gphone64_arm64 - Android 16)","appium:fullReset":false,"appium:newCommandTimeout":1800,"appium:noReset":true,"appium:platformName":"ANDROID","appium:platformVersion":"16","appium:systemPort":55655,"appium:udid":"emulator-5554","platformName":"ANDROID"}]},"desiredCapabilities":{"appium:app":"/Users/quang.nnguyen/Downloads/kntea-uat.apk","appium:appium:autoGrantPermissions":true,"appium:autoGrantPermissions":true,"appium:automationName":"uiautomator2","appium:deviceId":"","appium:deviceName":"emulator-5554 (sdk_gphone64_arm64 - Android 16)","appium:fullReset":false,"appium:newCommandTimeout":1800,"appium:noReset":true,"appium:platformName":"ANDROID","appium:platformVersion":"16","appium:systemPort":55655,"appium:udid":"emulator-5554"}}
[38;5;123m[BaseDriver][0m Ignoring capability 'appium:platformName=ANDROID' and using capability 'platformName=ANDROID'
[38;5;123m[BaseDriver][0m The capabilities ["platformName"] are standard capabilities and do not require "appium:" prefix
[38;5;112m[Appium][0m Attempting to find matching driver for automationName 'uiautomator2' and platformName 'ANDROID'
[38;5;112m[Appium][0m The 'uiautomator2' driver was installed and matched caps.
[38;5;112m[Appium][0m Will require it at /Users/quang.nnguyen/.appium/node_modules/appium-uiautomator2-driver
[38;5;226m[AppiumDriver@ff5a][0m Appium v2.19.0 creating new AndroidUiautomator2Driver (v3.10.0) session
[38;5;226m[AppiumDriver@ff5a][0m Checking BaseDriver versions for Appium and AndroidUiautomator2Driver
[38;5;226m[AppiumDriver@ff5a][0m Appium's BaseDriver version is 9.18.0
[38;5;226m[AppiumDriver@ff5a][0m AndroidUiautomator2Driver's BaseDriver version is 9.18.0
[38;5;-195m[AndroidUiautomator2Driver@e076][0m The following provided capabilities were not recognized by this driver:
[38;5;-195m[AndroidUiautomator2Driver@e076][0m   deviceId
[38;5;153m[70fc02d1][0m[38;5;-195m[AndroidUiautomator2Driver@e076][0m Session created with session id: 70fc02d1-fb7c-4681-af76-945715829d20
[38;5;153m[70fc02d1][0m[38;5;229m[ADB][0m Found 1 'build-tools' folders under '/Users/quang.nnguyen/.katalon/tools/android_sdk' (newest first):
[38;5;153m[70fc02d1][0m[38;5;229m[ADB][0m     /Users/quang.nnguyen/.katalon/tools/android_sdk/build-tools/29.0.3
[38;5;153m[70fc02d1][0m[38;5;229m[ADB][0m Using 'adb' from '/Users/quang.nnguyen/.katalon/tools/android_sdk/platform-tools/adb'
[38;5;153m[70fc02d1][0m[38;5;-195m[AndroidUiautomator2Driver@e076][0m Retrieving device list
[38;5;153m[70fc02d1][0m[38;5;-195m[AndroidUiautomator2Driver@e076][0m Using device: emulator-5554
[38;5;153m[70fc02d1][0m[38;5;229m[ADB][0m Using 'adb' from '/Users/quang.nnguyen/.katalon/tools/android_sdk/platform-tools/adb'
[38;5;153m[70fc02d1][0m[38;5;123m[BaseDriver][0m Using local app '/Users/quang.nnguyen/Downloads/kntea-uat.apk'
[38;5;153m[70fc02d1][0m[38;5;229m[ADB][0m Getting device platform version
[38;5;153m[70fc02d1][0m[38;5;-195m[AndroidUiautomator2Driver@e076][0m Relaxing hidden api policy
[38;5;153m[70fc02d1][0m[38;5;229m[ADB][0m Using 'aapt2' from '/Users/quang.nnguyen/.katalon/tools/android_sdk/build-tools/29.0.3/aapt2'
[38;5;153m[70fc02d1][0m[38;5;229m[ADB][0m Package name: 'com.kntea.mobile.uat'
[38;5;153m[70fc02d1][0m[38;5;229m[ADB][0m Main activity name: 'com.kntea.mobile.uat.MainActivity'
[38;5;153m[70fc02d1][0m[38;5;229m[ADB][0m Using 'apksigner.jar' from '/Users/quang.nnguyen/.katalon/tools/android_sdk/build-tools/29.0.3/lib/apksigner.jar'
[38;5;153m[70fc02d1][0m[38;5;-195m[AndroidUiautomator2Driver@e076][0m Server packages are not going to be (re)installed
[38;5;153m[70fc02d1][0m[38;5;229m[ADB][0m Adding packages ["io.appium.settings","io.appium.uiautomator2.server","io.appium.uiautomator2.server.test"] to Doze whitelist
[38;5;153m[70fc02d1][0m[38;5;229m[ADB][0m '/Users/quang.nnguyen/Downloads/kntea-uat.apk' is signed with a non-default certificate
[38;5;153m[70fc02d1][0m[38;5;229m[ADB][0m The application at '/Users/quang.nnguyen/Downloads/kntea-uat.apk' will not be cached, because the device under test has confirmed the support of streamed installs
[38;5;153m[70fc02d1][0m[38;5;229m[ADB][0m The installation of 'kntea-uat.apk' took 1187ms
[38;5;153m[70fc02d1][0m[38;5;-195m[AndroidUiautomator2Driver@e076][0m Starting UIAutomator2 server 7.1.11
[38;5;153m[70fc02d1][0m[38;5;-195m[AndroidUiautomator2Driver@e076][0m Using UIAutomator2 server from '/Users/quang.nnguyen/.appium/node_modules/appium-uiautomator2-driver/node_modules/appium-uiautomator2-server/apks/appium-uiautomator2-server-v7.1.11.apk' and test from '/Users/quang.nnguyen/.appium/node_modules/appium-uiautomator2-driver/node_modules/appium-uiautomator2-server/apks/appium-uiautomator2-server-debug-androidTest.apk'
[38;5;153m[70fc02d1][0m[38;5;-195m[AndroidUiautomator2Driver@e076][0m Waiting up to 30000ms for UiAutomator2 to be online...
[38;5;153m[70fc02d1][0m[38;5;-195m[AndroidUiautomator2Driver@e076][0m socket hang up
[38;5;153m[70fc02d1][0m[38;5;-195m[AndroidUiautomator2Driver@e076][0m socket hang up
[38;5;153m[70fc02d1][0m[38;5;-195m[AndroidUiautomator2Driver@e076][0m socket hang up
[38;5;153m[70fc02d1][0m[38;5;-195m[AndroidUiautomator2Driver@e076][0m socket hang up
[38;5;153m[70fc02d1][0m[38;5;-195m[AndroidUiautomator2Driver@e076][0m Determined the downstream protocol as 'W3C'
[38;5;153m[70fc02d1][0m[38;5;-195m[AndroidUiautomator2Driver@e076][0m Screen already unlocked, doing nothing
[38;5;153m[70fc02d1][0m[38;5;-195m[AndroidUiautomator2Driver@e076][0m Starting 'com.kntea.mobile.uat/com.kntea.mobile.uat.MainActivity' and waiting for 'com.kntea.mobile.uat/com.kntea.mobile.uat.MainActivity'
[38;5;153m[70fc02d1][0m[38;5;226m[AppiumDriver@ff5a][0m New AndroidUiautomator2Driver session created successfully, session 70fc02d1-fb7c-4681-af76-945715829d20 added to master session list
[38;5;153m[70fc02d1][0m[38;5;86m[HTTP][0m <-- POST /wd/hub/session 200 10833 ms - 1286 
[38;5;86m[HTTP][0m [37m-->[39m [37mGET[39m [37m/wd/hub/status[39m {}
[38;5;86m[HTTP][0m <-- GET /wd/hub/status 200 1 ms - 200 
[38;5;153m[70fc02d1][0m[38;5;86m[HTTP][0m [37m-->[39m [37mPOST[39m [37m/wd/hub/session/70fc02d1-fb7c-4681-af76-945715829d20/timeouts[39m {"implicit":60000}
[38;5;153m[70fc02d1][0m[38;5;86m[HTTP][0m <-- POST /wd/hub/session/70fc02d1-fb7c-4681-af76-945715829d20/timeouts 200 2 ms - 14 
[38;5;153m[70fc02d1][0m[38;5;86m[HTTP][0m [37m-->[39m [37mGET[39m [37m/wd/hub/session/70fc02d1-fb7c-4681-af76-945715829d20/source[39m {}
[38;5;153m[70fc02d1][0m[38;5;-195m[AndroidUiautomator2Driver@e076][0m Driver proxy active, passing request on via HTTP proxy
[38;5;153m[70fc02d1][0m[38;5;-195m[AndroidUiautomator2Driver@e076][0m Replacing sessionId a4c0580c-0f78-48be-a7bc-98426c7041d3 with 70fc02d1-fb7c-4681-af76-945715829d20
[38;5;153m[70fc02d1][0m[38;5;86m[HTTP][0m <-- GET /wd/hub/session/70fc02d1-fb7c-4681-af76-945715829d20/source 200 973 ms - 3128 
[38;5;153m[70fc02d1][0m[38;5;86m[HTTP][0m [37m-->[39m [37mGET[39m [37m/wd/hub/session/70fc02d1-fb7c-4681-af76-945715829d20/screenshot[39m {}
[38;5;153m[70fc02d1][0m[38;5;86m[HTTP][0m <-- GET /wd/hub/session/70fc02d1-fb7c-4681-af76-945715829d20/screenshot 200 406 ms - 34408 
[38;5;153m[70fc02d1][0m[38;5;86m[HTTP][0m [37m-->[39m [37mGET[39m [37m/wd/hub/session/70fc02d1-fb7c-4681-af76-945715829d20/source[39m {}
[38;5;153m[70fc02d1][0m[38;5;-195m[AndroidUiautomator2Driver@e076][0m Driver proxy active, passing request on via HTTP proxy
[38;5;153m[70fc02d1][0m[38;5;-195m[AndroidUiautomator2Driver@e076][0m Replacing sessionId a4c0580c-0f78-48be-a7bc-98426c7041d3 with 70fc02d1-fb7c-4681-af76-945715829d20
[38;5;153m[70fc02d1][0m[38;5;86m[HTTP][0m <-- GET /wd/hub/session/70fc02d1-fb7c-4681-af76-945715829d20/source 200 65 ms - 13024 
[38;5;153m[70fc02d1][0m[38;5;86m[HTTP][0m [37m-->[39m [37mGET[39m [37m/wd/hub/session/70fc02d1-fb7c-4681-af76-945715829d20/screenshot[39m {}
[38;5;153m[70fc02d1][0m[38;5;86m[HTTP][0m <-- GET /wd/hub/session/70fc02d1-fb7c-4681-af76-945715829d20/screenshot 200 339 ms - 34840 
[38;5;153m[70fc02d1][0m[38;5;86m[HTTP][0m [37m-->[39m [37mGET[39m [37m/wd/hub/session/70fc02d1-fb7c-4681-af76-945715829d20/source[39m {}
[38;5;153m[70fc02d1][0m[38;5;-195m[AndroidUiautomator2Driver@e076][0m Driver proxy active, passing request on via HTTP proxy
[38;5;153m[70fc02d1][0m[38;5;-195m[AndroidUiautomator2Driver@e076][0m Replacing sessionId a4c0580c-0f78-48be-a7bc-98426c7041d3 with 70fc02d1-fb7c-4681-af76-945715829d20
[38;5;153m[70fc02d1][0m[38;5;86m[HTTP][0m <-- GET /wd/hub/session/70fc02d1-fb7c-4681-af76-945715829d20/source 200 161 ms - 13024 
[38;5;153m[70fc02d1][0m[38;5;86m[HTTP][0m [37m-->[39m [37mGET[39m [37m/wd/hub/session/70fc02d1-fb7c-4681-af76-945715829d20/screenshot[39m {}
[38;5;153m[70fc02d1][0m[38;5;86m[HTTP][0m <-- GET /wd/hub/session/70fc02d1-fb7c-4681-af76-945715829d20/screenshot 200 338 ms - 34840 
[38;5;153m[70fc02d1][0m[38;5;86m[HTTP][0m [37m-->[39m [37mDELETE[39m [37m/wd/hub/session/70fc02d1-fb7c-4681-af76-945715829d20[39m {}
[38;5;153m[70fc02d1][0m[38;5;226m[AppiumDriver@ff5a][0m Removing session 70fc02d1-fb7c-4681-af76-945715829d20 from our master session list
[38;5;153m[70fc02d1][0m[38;5;-195m[AndroidUiautomator2Driver@e076][0m Restoring hidden api policy to the device default configuration
[38;5;153m[70fc02d1][0m[38;5;86m[HTTP][0m <-- DELETE /wd/hub/session/70fc02d1-fb7c-4681-af76-945715829d20 200 511 ms - 14 
[38;5;112m[Appium][0m Received SIGTERM - shutting down
[38;5;86m[HTTP][0m Closing Appium HTTP server
[38;5;86m[HTTP][0m Appium HTTP server has been successfully closed after 0ms
